<?xml version="1.0" encoding="UTF-8"?>
<testng-results ignored="0" total="1" passed="1" failed="0" skipped="0">
  <reporter-output>
  </reporter-output>
  <suite started-at="2025-09-09T14:24:59 IST" name="Default suite" finished-at="2025-09-09T14:25:59 IST" duration-ms="60111">
    <groups>
    </groups>
    <test started-at="2025-09-09T14:24:59 IST" name="Default test" finished-at="2025-09-09T14:25:59 IST" duration-ms="60111">
      <class name="Admin_Masters_Test.Distributor_Master_Test">
        <test-method is-config="true" signature="Data_Provider()[pri:0, instance:Admin_Masters_Test.Distributor_Master_Test@2e377400]" started-at="2025-09-09T14:24:57 IST" name="Data_Provider" finished-at="2025-09-09T14:24:59 IST" duration-ms="1642" status="PASS">
          <reporter-output>
          </reporter-output>
        </test-method> <!-- Data_Provider -->
        <test-method is-config="true" signature="openbrowser()[pri:0, instance:Admin_Masters_Test.Distributor_Master_Test@2e377400]" started-at="2025-09-09T14:24:59 IST" name="openbrowser" finished-at="2025-09-09T14:25:14 IST" duration-ms="15207" status="PASS">
          <reporter-output>
          </reporter-output>
        </test-method> <!-- openbrowser -->
        <test-method signature="Distributor_Add()[pri:0, instance:Admin_Masters_Test.Distributor_Master_Test@2e377400]" started-at="2025-09-09T14:25:14 IST" name="Distributor_Add" finished-at="2025-09-09T14:25:57 IST" duration-ms="43425" status="PASS">
          <reporter-output>
          </reporter-output>
        </test-method> <!-- Distributor_Add -->
        <test-method is-config="true" signature="tearDown()[pri:0, instance:Admin_Masters_Test.Distributor_Master_Test@2e377400]" started-at="2025-09-09T14:25:57 IST" name="tearDown" finished-at="2025-09-09T14:25:59 IST" duration-ms="1428" status="PASS">
          <reporter-output>
          </reporter-output>
        </test-method> <!-- tearDown -->
        <test-method is-config="true" signature="generateReport()[pri:0, instance:Admin_Masters_Test.Distributor_Master_Test@2e377400]" started-at="2025-09-09T14:25:59 IST" name="generateReport" finished-at="2025-09-09T14:26:05 IST" duration-ms="6250" status="PASS">
          <reporter-output>
          </reporter-output>
        </test-method> <!-- generateReport -->
      </class> <!-- Admin_Masters_Test.Distributor_Master_Test -->
    </test> <!-- Default test -->
  </suite> <!-- Default suite -->
</testng-results>
